This is pdfTeX, Version 3.1415926-2.5-1.40.14 (MiKTeX 2.9 64-bit) (preloaded format=pdflatex 2015.2.8)  15 FEB 2015 14:42
entering extended mode
**SoccerWizard.tex
(D:\PFC\LaTex\Soccer-Wizard-LaTeX\SoccerWizard.tex
LaTeX2e <2011/06/27>
Babel <v3.8m> and hyphenation patterns for english, afrikaans, ancientgreek, ar
abic, armenian, assamese, basque, bengali, bokmal, bulgarian, catalan, coptic, 
croatian, czech, danish, dutch, esperanto, estonian, farsi, finnish, french, ga
lician, german, german-x-2013-05-26, greek, gujarati, hindi, hungarian, iceland
ic, indonesian, interlingua, irish, italian, kannada, kurmanji, latin, latvian,
 lithuanian, malayalam, marathi, mongolian, mongolianlmc, monogreek, ngerman, n
german-x-2013-05-26, nynorsk, oriya, panjabi, pinyin, polish, portuguese, roman
ian, russian, sanskrit, serbian, slovak, slovenian, spanish, swedish, swissgerm
an, tamil, telugu, turkish, turkmen, ukenglish, ukrainian, uppersorbian, usengl
ishmax, welsh, loaded.
("C:\Program Files\MikTex\tex\latex\base\report.cls"
Document Class: report 2007/10/19 v1.4h Standard LaTeX document class
("C:\Program Files\MikTex\tex\latex\base\size12.clo"
File: size12.clo 2007/10/19 v1.4h Standard LaTeX file (size option)
)
\c@part=\count79
\c@chapter=\count80
\c@section=\count81
\c@subsection=\count82
\c@subsubsection=\count83
\c@paragraph=\count84
\c@subparagraph=\count85
\c@figure=\count86
\c@table=\count87
\abovecaptionskip=\skip41
\belowcaptionskip=\skip42
\bibindent=\dimen102
)
("C:\Program Files\MikTex\tex\latex\base\inputenc.sty"
Package: inputenc 2008/03/30 v1.1d Input encoding file
\inpenc@prehook=\toks14
\inpenc@posthook=\toks15

("C:\Program Files\MikTex\tex\latex\base\latin1.def"
File: latin1.def 2008/03/30 v1.1d Input encoding file
))
("C:\Program Files\MikTex\tex\latex\base\fontenc.sty"
Package: fontenc 2005/09/27 v1.99g Standard LaTeX package

("C:\Program Files\MikTex\tex\latex\base\t1enc.def"
File: t1enc.def 2005/09/27 v1.99g Standard LaTeX file
LaTeX Font Info:    Redeclaring font encoding T1 on input line 43.
))
("C:\Program Files\MikTex\tex\latex\ae\ae.sty"
Package: ae 2001/02/12 1.3 Almost European Computer Modern

("C:\Program Files\MikTex\tex\latex\base\fontenc.sty"
Package: fontenc 2005/09/27 v1.99g Standard LaTeX package

("C:\Program Files\MikTex\tex\latex\base\t1enc.def"
File: t1enc.def 2005/09/27 v1.99g Standard LaTeX file
LaTeX Font Info:    Redeclaring font encoding T1 on input line 43.
)
LaTeX Font Info:    Try loading font information for T1+aer on input line 100.

("C:\Program Files\MikTex\tex\latex\ae\t1aer.fd"
File: t1aer.fd 1997/11/16 Font definitions for T1/aer.
)))
("C:\Program Files\MikTex\tex\latex\lm\lmodern.sty"
Package: lmodern 2009/10/30 v1.6 Latin Modern Fonts
LaTeX Font Info:    Overwriting symbol font `operators' in version `normal'
(Font)                  OT1/cmr/m/n --> OT1/lmr/m/n on input line 22.
LaTeX Font Info:    Overwriting symbol font `letters' in version `normal'
(Font)                  OML/cmm/m/it --> OML/lmm/m/it on input line 23.
LaTeX Font Info:    Overwriting symbol font `symbols' in version `normal'
(Font)                  OMS/cmsy/m/n --> OMS/lmsy/m/n on input line 24.
LaTeX Font Info:    Overwriting symbol font `largesymbols' in version `normal'
(Font)                  OMX/cmex/m/n --> OMX/lmex/m/n on input line 25.
LaTeX Font Info:    Overwriting symbol font `operators' in version `bold'
(Font)                  OT1/cmr/bx/n --> OT1/lmr/bx/n on input line 26.
LaTeX Font Info:    Overwriting symbol font `letters' in version `bold'
(Font)                  OML/cmm/b/it --> OML/lmm/b/it on input line 27.
LaTeX Font Info:    Overwriting symbol font `symbols' in version `bold'
(Font)                  OMS/cmsy/b/n --> OMS/lmsy/b/n on input line 28.
LaTeX Font Info:    Overwriting symbol font `largesymbols' in version `bold'
(Font)                  OMX/cmex/m/n --> OMX/lmex/m/n on input line 29.
LaTeX Font Info:    Overwriting math alphabet `\mathbf' in version `normal'
(Font)                  OT1/cmr/bx/n --> OT1/lmr/bx/n on input line 31.
LaTeX Font Info:    Overwriting math alphabet `\mathsf' in version `normal'
(Font)                  OT1/cmss/m/n --> OT1/lmss/m/n on input line 32.
LaTeX Font Info:    Overwriting math alphabet `\mathit' in version `normal'
(Font)                  OT1/cmr/m/it --> OT1/lmr/m/it on input line 33.
LaTeX Font Info:    Overwriting math alphabet `\mathtt' in version `normal'
(Font)                  OT1/cmtt/m/n --> OT1/lmtt/m/n on input line 34.
LaTeX Font Info:    Overwriting math alphabet `\mathbf' in version `bold'
(Font)                  OT1/cmr/bx/n --> OT1/lmr/bx/n on input line 35.
LaTeX Font Info:    Overwriting math alphabet `\mathsf' in version `bold'
(Font)                  OT1/cmss/bx/n --> OT1/lmss/bx/n on input line 36.
LaTeX Font Info:    Overwriting math alphabet `\mathit' in version `bold'
(Font)                  OT1/cmr/bx/it --> OT1/lmr/bx/it on input line 37.
LaTeX Font Info:    Overwriting math alphabet `\mathtt' in version `bold'
(Font)                  OT1/cmtt/m/n --> OT1/lmtt/m/n on input line 38.
)
("C:\Program Files\MikTex\tex\generic\babel\babel.sty"
Package: babel 2008/07/08 v3.8m The Babel package

*************************************
* Local config file bblopts.cfg used
*
("C:\Program Files\MikTex\tex\latex\00miktex\bblopts.cfg"
File: bblopts.cfg 2006/07/31 v1.0 MiKTeX 'babel' configuration
)
("C:\Program Files\MiKTeX 2.9\tex\latex\babel-portuges\portuges.ldf"
Language: portuges 2008/03/18 v1.2q Portuguese support from the babel system

("C:\Program Files\MikTex\tex\generic\babel\babel.def"
File: babel.def 2008/07/08 v3.8m Babel common definitions
\babel@savecnt=\count88
\U@D=\dimen103
)
\l@brazil = a dialect from \language\l@portuges 
Package babel Info: Making " an active character on input line 145.
))
("C:\Program Files\MikTex\tex\latex\tools\indentfirst.sty"
Package: indentfirst 1995/11/23 v1.03 Indent first paragraph (DPC)
)
("C:\Program Files\MikTex\tex\latex\graphics\graphicx.sty"
Package: graphicx 1999/02/16 v1.0f Enhanced LaTeX Graphics (DPC,SPQR)

("C:\Program Files\MikTex\tex\latex\graphics\keyval.sty"
Package: keyval 1999/03/16 v1.13 key=value parser (DPC)
\KV@toks@=\toks16
)
("C:\Program Files\MikTex\tex\latex\graphics\graphics.sty"
Package: graphics 2009/02/05 v1.0o Standard LaTeX Graphics (DPC,SPQR)

("C:\Program Files\MikTex\tex\latex\graphics\trig.sty"
Package: trig 1999/03/16 v1.09 sin cos tan (DPC)
)
("C:\Program Files\MikTex\tex\latex\00miktex\graphics.cfg"
File: graphics.cfg 2007/01/18 v1.5 graphics configuration of teTeX/TeXLive
)
Package graphics Info: Driver file: pdftex.def on input line 91.

("C:\Program Files\MikTex\tex\latex\pdftex-def\pdftex.def"
File: pdftex.def 2011/05/27 v0.06d Graphics/color for pdfTeX

("C:\Program Files\MikTex\tex\generic\oberdiek\infwarerr.sty"
Package: infwarerr 2010/04/08 v1.3 Providing info/warning/error messages (HO)
)
("C:\Program Files\MikTex\tex\generic\oberdiek\ltxcmds.sty"
Package: ltxcmds 2011/11/09 v1.22 LaTeX kernel commands for general use (HO)
)
\Gread@gobject=\count89
))
\Gin@req@height=\dimen104
\Gin@req@width=\dimen105
)
("C:\Program Files\MiKTeX 2.9\tex\latex\fancyhdr\fancyhdr.sty"
\fancy@headwidth=\skip43
\f@ncyO@elh=\skip44
\f@ncyO@erh=\skip45
\f@ncyO@olh=\skip46
\f@ncyO@orh=\skip47
\f@ncyO@elf=\skip48
\f@ncyO@erf=\skip49
\f@ncyO@olf=\skip50
\f@ncyO@orf=\skip51
)
("C:\Program Files\MiKTeX 2.9\tex\latex\ccaption\ccaption.sty"
Package: ccaption 2011/08/07 v3.2c Extended captioning and new floats
\@contcwidth=\skip52
\@contindw=\skip53
\abovelegendskip=\skip54
\belowlegendskip=\skip55
\c@newflo@tctr=\count90
)
("C:\Program Files\MikTex\tex\latex\base\textcomp.sty"
Package: textcomp 2005/09/27 v1.99g Standard LaTeX package
Package textcomp Info: Sub-encoding information:
(textcomp)               5 = only ISO-Adobe without \textcurrency
(textcomp)               4 = 5 + \texteuro
(textcomp)               3 = 4 + \textohm
(textcomp)               2 = 3 + \textestimated + \textcurrency
(textcomp)               1 = TS1 - \textcircled - \t
(textcomp)               0 = TS1 (full)
(textcomp)             Font families with sub-encoding setting implement
(textcomp)             only a restricted character set as indicated.
(textcomp)             Family '?' is the default used for unknown fonts.
(textcomp)             See the documentation for details.
Package textcomp Info: Setting ? sub-encoding to TS1/1 on input line 71.

("C:\Program Files\MikTex\tex\latex\base\ts1enc.def"
File: ts1enc.def 2001/06/05 v3.0e (jk/car/fm) Standard LaTeX file
)
LaTeX Info: Redefining \oldstylenums on input line 266.
Package textcomp Info: Setting cmr sub-encoding to TS1/0 on input line 281.
Package textcomp Info: Setting cmss sub-encoding to TS1/0 on input line 282.
Package textcomp Info: Setting cmtt sub-encoding to TS1/0 on input line 283.
Package textcomp Info: Setting cmvtt sub-encoding to TS1/0 on input line 284.
Package textcomp Info: Setting cmbr sub-encoding to TS1/0 on input line 285.
Package textcomp Info: Setting cmtl sub-encoding to TS1/0 on input line 286.
Package textcomp Info: Setting ccr sub-encoding to TS1/0 on input line 287.
Package textcomp Info: Setting ptm sub-encoding to TS1/4 on input line 288.
Package textcomp Info: Setting pcr sub-encoding to TS1/4 on input line 289.
Package textcomp Info: Setting phv sub-encoding to TS1/4 on input line 290.
Package textcomp Info: Setting ppl sub-encoding to TS1/3 on input line 291.
Package textcomp Info: Setting pag sub-encoding to TS1/4 on input line 292.
Package textcomp Info: Setting pbk sub-encoding to TS1/4 on input line 293.
Package textcomp Info: Setting pnc sub-encoding to TS1/4 on input line 294.
Package textcomp Info: Setting pzc sub-encoding to TS1/4 on input line 295.
Package textcomp Info: Setting bch sub-encoding to TS1/4 on input line 296.
Package textcomp Info: Setting put sub-encoding to TS1/5 on input line 297.
Package textcomp Info: Setting uag sub-encoding to TS1/5 on input line 298.
Package textcomp Info: Setting ugq sub-encoding to TS1/5 on input line 299.
Package textcomp Info: Setting ul8 sub-encoding to TS1/4 on input line 300.
Package textcomp Info: Setting ul9 sub-encoding to TS1/4 on input line 301.
Package textcomp Info: Setting augie sub-encoding to TS1/5 on input line 302.
Package textcomp Info: Setting dayrom sub-encoding to TS1/3 on input line 303.
Package textcomp Info: Setting dayroms sub-encoding to TS1/3 on input line 304.

Package textcomp Info: Setting pxr sub-encoding to TS1/0 on input line 305.
Package textcomp Info: Setting pxss sub-encoding to TS1/0 on input line 306.
Package textcomp Info: Setting pxtt sub-encoding to TS1/0 on input line 307.
Package textcomp Info: Setting txr sub-encoding to TS1/0 on input line 308.
Package textcomp Info: Setting txss sub-encoding to TS1/0 on input line 309.
Package textcomp Info: Setting txtt sub-encoding to TS1/0 on input line 310.
Package textcomp Info: Setting lmr sub-encoding to TS1/0 on input line 311.
Package textcomp Info: Setting lmdh sub-encoding to TS1/0 on input line 312.
Package textcomp Info: Setting lmss sub-encoding to TS1/0 on input line 313.
Package textcomp Info: Setting lmssq sub-encoding to TS1/0 on input line 314.
Package textcomp Info: Setting lmvtt sub-encoding to TS1/0 on input line 315.
Package textcomp Info: Setting qhv sub-encoding to TS1/0 on input line 316.
Package textcomp Info: Setting qag sub-encoding to TS1/0 on input line 317.
Package textcomp Info: Setting qbk sub-encoding to TS1/0 on input line 318.
Package textcomp Info: Setting qcr sub-encoding to TS1/0 on input line 319.
Package textcomp Info: Setting qcs sub-encoding to TS1/0 on input line 320.
Package textcomp Info: Setting qpl sub-encoding to TS1/0 on input line 321.
Package textcomp Info: Setting qtm sub-encoding to TS1/0 on input line 322.
Package textcomp Info: Setting qzc sub-encoding to TS1/0 on input line 323.
Package textcomp Info: Setting qhvc sub-encoding to TS1/0 on input line 324.
Package textcomp Info: Setting futs sub-encoding to TS1/4 on input line 325.
Package textcomp Info: Setting futx sub-encoding to TS1/4 on input line 326.
Package textcomp Info: Setting futj sub-encoding to TS1/4 on input line 327.
Package textcomp Info: Setting hlh sub-encoding to TS1/3 on input line 328.
Package textcomp Info: Setting hls sub-encoding to TS1/3 on input line 329.
Package textcomp Info: Setting hlst sub-encoding to TS1/3 on input line 330.
Package textcomp Info: Setting hlct sub-encoding to TS1/5 on input line 331.
Package textcomp Info: Setting hlx sub-encoding to TS1/5 on input line 332.
Package textcomp Info: Setting hlce sub-encoding to TS1/5 on input line 333.
Package textcomp Info: Setting hlcn sub-encoding to TS1/5 on input line 334.
Package textcomp Info: Setting hlcw sub-encoding to TS1/5 on input line 335.
Package textcomp Info: Setting hlcf sub-encoding to TS1/5 on input line 336.
Package textcomp Info: Setting pplx sub-encoding to TS1/3 on input line 337.
Package textcomp Info: Setting pplj sub-encoding to TS1/3 on input line 338.
Package textcomp Info: Setting ptmx sub-encoding to TS1/4 on input line 339.
Package textcomp Info: Setting ptmj sub-encoding to TS1/4 on input line 340.
)
("C:\Program Files\MiKTeX 2.9\tex\latex\url\url.sty"
\Urlmuskip=\muskip10
Package: url 2013/09/16  ver 3.4  Verb mode for urls, etc.
)
("C:\Program Files\MikTex\tex\latex\multirow\multirow.sty"
\bigstrutjot=\dimen106
)
("C:\Program Files\MiKTeX 2.9\tex\latex\natbib\natbib.sty"
Package: natbib 2010/09/13 8.31b (PWD, AO)
\bibhang=\skip56
\bibsep=\skip57
LaTeX Info: Redefining \cite on input line 694.
\c@NAT@ctr=\count91
)
("C:\Program Files\MiKTeX 2.9\tex\latex\setspace\setspace.sty"
Package: setspace 2011/12/19 v6.7a set line spacing
)
("C:\Program Files\MikTex\tex\latex\base\makeidx.sty"
Package: makeidx 2000/03/29 v1.0m Standard LaTeX package
)
("C:\Program Files\MiKTeX 2.9\tex\latex\titlesec\titlesec.sty"
Package: titlesec 2011/12/15 v2.10.0 Sectioning titles
\ttl@box=\box26
\beforetitleunit=\skip58
\aftertitleunit=\skip59
\ttl@plus=\dimen107
\ttl@minus=\dimen108
\ttl@toksa=\toks17
\titlewidth=\dimen109
\titlewidthlast=\dimen110
\titlewidthfirst=\dimen111
)
("C:\Program Files\MikTex\tex\latex\amsfonts\amssymb.sty"
Package: amssymb 2013/01/14 v3.01 AMS font symbols

("C:\Program Files\MikTex\tex\latex\amsfonts\amsfonts.sty"
Package: amsfonts 2013/01/14 v3.01 Basic AMSFonts support
\@emptytoks=\toks18
\symAMSa=\mathgroup4
\symAMSb=\mathgroup5
LaTeX Font Info:    Overwriting math alphabet `\mathfrak' in version `bold'
(Font)                  U/euf/m/n --> U/euf/b/n on input line 106.
))
("C:\Program Files\MikTex\tex\latex\geometry\geometry.sty"
Package: geometry 2010/09/12 v5.6 Page Geometry

("C:\Program Files\MikTex\tex\generic\oberdiek\ifpdf.sty"
Package: ifpdf 2011/01/30 v2.3 Provides the ifpdf switch (HO)
Package ifpdf Info: pdfTeX in PDF mode is detected.
)
("C:\Program Files\MikTex\tex\generic\oberdiek\ifvtex.sty"
Package: ifvtex 2010/03/01 v1.5 Detect VTeX and its facilities (HO)
Package ifvtex Info: VTeX not detected.
)
("C:\Program Files\MikTex\tex\generic\ifxetex\ifxetex.sty"
Package: ifxetex 2010/09/12 v0.6 Provides ifxetex conditional
)
\Gm@cnth=\count92
\Gm@cntv=\count93
\c@Gm@tempcnt=\count94
\Gm@bindingoffset=\dimen112
\Gm@wd@mp=\dimen113
\Gm@odd@mp=\dimen114
\Gm@even@mp=\dimen115
\Gm@layoutwidth=\dimen116
\Gm@layoutheight=\dimen117
\Gm@layouthoffset=\dimen118
\Gm@layoutvoffset=\dimen119
\Gm@dimlist=\toks19

("C:\Program Files\MikTex\tex\latex\geometry\geometry.cfg"))
("C:\Program Files\MikTex\tex\latex\amsmath\amstext.sty"
Package: amstext 2000/06/29 v2.01

("C:\Program Files\MikTex\tex\latex\amsmath\amsgen.sty"
File: amsgen.sty 1999/11/30 v2.0
\@emptytoks=\toks20
\ex@=\dimen120
))
("C:\Program Files\MikTex\tex\latex\amsmath\amsmath.sty"
Package: amsmath 2013/01/14 v2.14 AMS math features
\@mathmargin=\skip60

For additional information on amsmath, use the `?' option.
("C:\Program Files\MikTex\tex\latex\amsmath\amsbsy.sty"
Package: amsbsy 1999/11/29 v1.2d
\pmbraise@=\dimen121
)
("C:\Program Files\MikTex\tex\latex\amsmath\amsopn.sty"
Package: amsopn 1999/12/14 v2.01 operator names
)
\inf@bad=\count95
LaTeX Info: Redefining \frac on input line 210.
\uproot@=\count96
\leftroot@=\count97
LaTeX Info: Redefining \overline on input line 306.
\classnum@=\count98
\DOTSCASE@=\count99
LaTeX Info: Redefining \ldots on input line 378.
LaTeX Info: Redefining \dots on input line 381.
LaTeX Info: Redefining \cdots on input line 466.
\Mathstrutbox@=\box27
\strutbox@=\box28
\big@size=\dimen122
LaTeX Font Info:    Redeclaring font encoding OML on input line 566.
LaTeX Font Info:    Redeclaring font encoding OMS on input line 567.
\macc@depth=\count100
\c@MaxMatrixCols=\count101
\dotsspace@=\muskip11
\c@parentequation=\count102
\dspbrk@lvl=\count103
\tag@help=\toks21
\row@=\count104
\column@=\count105
\maxfields@=\count106
\andhelp@=\toks22
\eqnshift@=\dimen123
\alignsep@=\dimen124
\tagshift@=\dimen125
\tagwidth@=\dimen126
\totwidth@=\dimen127
\lineht@=\dimen128
\@envbody=\toks23
\multlinegap=\skip61
\multlinetaggap=\skip62
\mathdisplay@stack=\toks24
LaTeX Info: Redefining \[ on input line 2665.
LaTeX Info: Redefining \] on input line 2666.
)
("C:\Program Files\MikTex\tex\latex\dirtytalk\dirtytalk.sty"
Package: dirtytalk 2010/11/21 A package making "quoting" easier

("C:\Program Files\MikTex\tex\latex\oberdiek\kvoptions.sty"
Package: kvoptions 2011/06/30 v3.11 Key value format for package options (HO)

("C:\Program Files\MikTex\tex\generic\oberdiek\kvsetkeys.sty"
Package: kvsetkeys 2012/04/25 v1.16 Key value parser (HO)

("C:\Program Files\MikTex\tex\generic\oberdiek\etexcmds.sty"
Package: etexcmds 2011/02/16 v1.5 Avoid name clashes with e-TeX commands (HO)

("C:\Program Files\MikTex\tex\generic\oberdiek\ifluatex.sty"
Package: ifluatex 2010/03/01 v1.3 Provides the ifluatex switch (HO)
Package ifluatex Info: LuaTeX not detected.
)
Package etexcmds Info: Could not find \expanded.
(etexcmds)             That can mean that you are not using pdfTeX 1.50 or
(etexcmds)             that some package has redefined \expanded.
(etexcmds)             In the latter case, load this package earlier.
)))
("C:\Program Files\MikTex\tex\latex\base\ifthen.sty"
Package: ifthen 2001/05/26 v1.1c Standard LaTeX ifthen package (DPC)
)
\c@dirtytalk@qdepth=\count107
)
("C:\Program Files\MikTex\tex\latex\hyperref\hyperref.sty"
Package: hyperref 2012/11/06 v6.83m Hypertext links for LaTeX

("C:\Program Files\MikTex\tex\generic\oberdiek\hobsub-hyperref.sty"
Package: hobsub-hyperref 2012/04/25 v1.12 Bundle oberdiek, subset hyperref (HO)


("C:\Program Files\MikTex\tex\generic\oberdiek\hobsub-generic.sty"
Package: hobsub-generic 2012/04/25 v1.12 Bundle oberdiek, subset generic (HO)
Package: hobsub 2012/04/25 v1.12 Construct package bundles (HO)
Package hobsub Info: Skipping package `infwarerr' (already loaded).
Package hobsub Info: Skipping package `ltxcmds' (already loaded).
Package hobsub Info: Skipping package `ifluatex' (already loaded).
Package hobsub Info: Skipping package `ifvtex' (already loaded).
Package: intcalc 2007/09/27 v1.1 Expandable calculations with integers (HO)
Package hobsub Info: Skipping package `ifpdf' (already loaded).
Package hobsub Info: Skipping package `etexcmds' (already loaded).
Package hobsub Info: Skipping package `kvsetkeys' (already loaded).
Package: kvdefinekeys 2011/04/07 v1.3 Define keys (HO)
Package: pdftexcmds 2011/11/29 v0.20 Utility functions of pdfTeX for LuaTeX (HO
)
Package pdftexcmds Info: LuaTeX not detected.
Package pdftexcmds Info: \pdf@primitive is available.
Package pdftexcmds Info: \pdf@ifprimitive is available.
Package pdftexcmds Info: \pdfdraftmode found.
Package: pdfescape 2011/11/25 v1.13 Implements pdfTeX's escape features (HO)
Package: bigintcalc 2012/04/08 v1.3 Expandable calculations on big integers (HO
)
Package: bitset 2011/01/30 v1.1 Handle bit-vector datatype (HO)
Package: uniquecounter 2011/01/30 v1.2 Provide unlimited unique counter (HO)
)
Package hobsub Info: Skipping package `hobsub' (already loaded).
Package: letltxmacro 2010/09/02 v1.4 Let assignment for LaTeX macros (HO)
Package: hopatch 2011/06/24 v1.1 Wrapper for package hooks (HO)
Package: xcolor-patch 2011/01/30 xcolor patch
Package: atveryend 2011/06/30 v1.8 Hooks at the very end of document (HO)
Package atveryend Info: \enddocument detected (standard20110627).
Package: atbegshi 2011/10/05 v1.16 At begin shipout hook (HO)
Package: refcount 2011/10/16 v3.4 Data extraction from label references (HO)
Package: hycolor 2011/01/30 v1.7 Color options for hyperref/bookmark (HO)
)
("C:\Program Files\MikTex\tex\latex\oberdiek\auxhook.sty"
Package: auxhook 2011/03/04 v1.3 Hooks for auxiliary files (HO)
)
\@linkdim=\dimen129
\Hy@linkcounter=\count108
\Hy@pagecounter=\count109

("C:\Program Files\MikTex\tex\latex\hyperref\pd1enc.def"
File: pd1enc.def 2012/11/06 v6.83m Hyperref: PDFDocEncoding definition (HO)
)
\Hy@SavedSpaceFactor=\count110

("C:\Program Files\MikTex\tex\latex\00miktex\hyperref.cfg"
File: hyperref.cfg 2002/06/06 v1.2 hyperref configuration of TeXLive
)
Package hyperref Info: Option `pdfpagelabels' set `true' on input line 4319.
Package hyperref Info: Hyper figures OFF on input line 4443.
Package hyperref Info: Link nesting OFF on input line 4448.
Package hyperref Info: Hyper index ON on input line 4451.
Package hyperref Info: Plain pages OFF on input line 4458.
Package hyperref Info: Backreferencing OFF on input line 4463.
Package hyperref Info: Implicit mode ON; LaTeX internals redefined.
Package hyperref Info: Bookmarks ON on input line 4688.
\c@Hy@tempcnt=\count111
LaTeX Info: Redefining \url on input line 5041.
\XeTeXLinkMargin=\dimen130
\Fld@menulength=\count112
\Field@Width=\dimen131
\Fld@charsize=\dimen132
Package hyperref Info: Hyper figures OFF on input line 6295.
Package hyperref Info: Link nesting OFF on input line 6300.
Package hyperref Info: Hyper index ON on input line 6303.
Package hyperref Info: backreferencing OFF on input line 6310.
Package hyperref Info: Link coloring OFF on input line 6315.
Package hyperref Info: Link coloring with OCG OFF on input line 6320.
Package hyperref Info: PDF/A mode OFF on input line 6325.
LaTeX Info: Redefining \ref on input line 6365.
LaTeX Info: Redefining \pageref on input line 6369.
\Hy@abspage=\count113
\c@Item=\count114
\c@Hfootnote=\count115
)

Package hyperref Message: Driver (autodetected): hpdftex.

("C:\Program Files\MikTex\tex\latex\hyperref\hpdftex.def"
File: hpdftex.def 2012/11/06 v6.83m Hyperref driver for pdfTeX
\Fld@listcount=\count116
\c@bookmark@seq@number=\count117

("C:\Program Files\MikTex\tex\latex\oberdiek\rerunfilecheck.sty"
Package: rerunfilecheck 2011/04/15 v1.7 Rerun checks for auxiliary files (HO)
Package uniquecounter Info: New unique counter `rerunfilecheck' on input line 2
82.
)
\Hy@SectionHShift=\skip63
)
(D:\PFC\LaTex\Soccer-Wizard-LaTeX\SoccerWizard.aux
(D:\PFC\LaTex\Soccer-Wizard-LaTeX\C.Capa.aux)
(D:\PFC\LaTex\Soccer-Wizard-LaTeX\C.Rosto.aux)
(D:\PFC\LaTex\Soccer-Wizard-LaTeX\C.Epigrafe.aux)
(D:\PFC\LaTex\Soccer-Wizard-LaTeX\C.Agradecimentos.aux)
(D:\PFC\LaTex\Soccer-Wizard-LaTeX\C.Resumo.aux)
(D:\PFC\LaTex\Soccer-Wizard-LaTeX\C.Simbolos.aux)
(D:\PFC\LaTex\Soccer-Wizard-LaTeX\C.Introducao.aux)
(D:\PFC\LaTex\Soccer-Wizard-LaTeX\C.FundamentacaoTeorica.aux))
LaTeX Font Info:    Checking defaults for OML/cmm/m/it on input line 136.
LaTeX Font Info:    ... okay on input line 136.
LaTeX Font Info:    Checking defaults for T1/cmr/m/n on input line 136.
LaTeX Font Info:    ... okay on input line 136.
LaTeX Font Info:    Checking defaults for OT1/cmr/m/n on input line 136.
LaTeX Font Info:    ... okay on input line 136.
LaTeX Font Info:    Checking defaults for OMS/cmsy/m/n on input line 136.
LaTeX Font Info:    ... okay on input line 136.
LaTeX Font Info:    Checking defaults for OMX/cmex/m/n on input line 136.
LaTeX Font Info:    ... okay on input line 136.
LaTeX Font Info:    Checking defaults for U/cmr/m/n on input line 136.
LaTeX Font Info:    ... okay on input line 136.
LaTeX Font Info:    Checking defaults for TS1/cmr/m/n on input line 136.
LaTeX Font Info:    Try loading font information for TS1+cmr on input line 136.


("C:\Program Files\MikTex\tex\latex\base\ts1cmr.fd"
File: ts1cmr.fd 1999/05/25 v2.5h Standard LaTeX font definitions
)
LaTeX Font Info:    ... okay on input line 136.
LaTeX Font Info:    Checking defaults for PD1/pdf/m/n on input line 136.
LaTeX Font Info:    ... okay on input line 136.
LaTeX Font Info:    Try loading font information for T1+lmr on input line 136.

("C:\Program Files\MikTex\tex\latex\lm\t1lmr.fd"
File: t1lmr.fd 2009/10/30 v1.6 Font defs for Latin Modern
)
("C:\Program Files\MiKTeX 2.9\tex\context\base\supp-pdf.mkii"
[Loading MPS to PDF converter (version 2006.09.02).]
\scratchcounter=\count118
\scratchdimen=\dimen133
\scratchbox=\box29
\nofMPsegments=\count119
\nofMParguments=\count120
\everyMPshowfont=\toks25
\MPscratchCnt=\count121
\MPscratchDim=\dimen134
\MPnumerator=\count122
\makeMPintoPDFobject=\count123
\everyMPtoPDFconversion=\toks26
)
*geometry* driver: auto-detecting
*geometry* detected driver: pdftex
*geometry* verbose mode - [ preamble ] result:
* driver: pdftex
* paper: a4paper
* layout: <same size as paper>
* layoutoffset:(h,v)=(0.0pt,0.0pt)
* modes: 
* h-part:(L,W,R)=(73.97733pt, 469.47049pt, 54.06006pt)
* v-part:(T,H,B)=(85.35826pt, 714.164pt, 45.52458pt)
* \paperwidth=597.50787pt
* \paperheight=845.04684pt
* \textwidth=469.47049pt
* \textheight=714.164pt
* \oddsidemargin=1.70734pt
* \evensidemargin=1.70734pt
* \topmargin=-23.91173pt
* \headheight=14.0pt
* \headsep=25.0pt
* \topskip=12.0pt
* \footskip=30.0pt
* \marginparwidth=35.0pt
* \marginparsep=10.0pt
* \columnsep=10.0pt
* \skip\footins=10.8pt plus 4.0pt minus 2.0pt
* \hoffset=0.0pt
* \voffset=0.0pt
* \mag=1000
* \@twocolumnfalse
* \@twosidefalse
* \@mparswitchfalse
* \@reversemarginfalse
* (1in=72.27pt=25.4mm, 1cm=28.453pt)

\AtBeginShipoutBox=\box30
Package hyperref Info: Link coloring OFF on input line 136.
("C:\Program Files\MikTex\tex\latex\hyperref\nameref.sty"
Package: nameref 2012/10/27 v2.43 Cross-referencing by name of section

("C:\Program Files\MikTex\tex\generic\oberdiek\gettitlestring.sty"
Package: gettitlestring 2010/12/03 v1.4 Cleanup title references (HO)
)
\c@section@level=\count124
)
LaTeX Info: Redefining \ref on input line 136.
LaTeX Info: Redefining \pageref on input line 136.
LaTeX Info: Redefining \nameref on input line 136.

(D:\PFC\LaTex\Soccer-Wizard-LaTeX\SoccerWizard.out)
(D:\PFC\LaTex\Soccer-Wizard-LaTeX\SoccerWizard.out)
\@outlinefile=\write3
LaTeX Font Info:    Try loading font information for T1+lmss on input line 157.


("C:\Program Files\MikTex\tex\latex\lm\t1lmss.fd"
File: t1lmss.fd 2009/10/30 v1.6 Font defs for Latin Modern
)
(D:\PFC\LaTex\Soccer-Wizard-LaTeX\C.Capa.tex
<D:/PFC/LaTex/Soccer-Wizard-LaTeX/figuras/UFUlogo.jpg, id=79, 59.22125pt x 66.2
475pt>
File: D:/PFC/LaTex/Soccer-Wizard-LaTeX/figuras/UFUlogo.jpg Graphic file (type j
pg)
 <use D:/PFC/LaTex/Soccer-Wizard-LaTeX/figuras/UFUlogo.jpg>
Package pdftex.def Info: D:/PFC/LaTex/Soccer-Wizard-LaTeX/figuras/UFUlogo.jpg u
sed on input line 22.
(pdftex.def)             Requested size: 59.22108pt x 66.24733pt.
) [1


{C:/Users/kassio-chronos/AppData/Local/MiKTeX/2.9/pdftex/config/pdftex.map} <D:
/PFC/LaTex/Soccer-Wizard-LaTeX/figuras/UFUlogo.jpg>]
(D:\PFC\LaTex\Soccer-Wizard-LaTeX\C.Rosto.tex
Underfull \hbox (badness 10000) in paragraph at lines 25--25

 []


Underfull \hbox (badness 10000) in paragraph at lines 25--25

 []

LaTeX Font Info:    Try loading font information for OT1+lmr on input line 25.
("C:\Program Files\MikTex\tex\latex\lm\ot1lmr.fd"
File: ot1lmr.fd 2009/10/30 v1.6 Font defs for Latin Modern
)
LaTeX Font Info:    Try loading font information for OML+lmm on input line 25.

("C:\Program Files\MikTex\tex\latex\lm\omllmm.fd"
File: omllmm.fd 2009/10/30 v1.6 Font defs for Latin Modern
)
LaTeX Font Info:    Try loading font information for OMS+lmsy on input line 25.


("C:\Program Files\MikTex\tex\latex\lm\omslmsy.fd"
File: omslmsy.fd 2009/10/30 v1.6 Font defs for Latin Modern
)
LaTeX Font Info:    Try loading font information for OMX+lmex on input line 25.


("C:\Program Files\MikTex\tex\latex\lm\omxlmex.fd"
File: omxlmex.fd 2009/10/30 v1.6 Font defs for Latin Modern
)
LaTeX Font Info:    External font `lmex10' loaded for size
(Font)              <12> on input line 25.
LaTeX Font Info:    External font `lmex10' loaded for size
(Font)              <8> on input line 25.
LaTeX Font Info:    External font `lmex10' loaded for size
(Font)              <6> on input line 25.
LaTeX Font Info:    Try loading font information for U+msa on input line 25.

("C:\Program Files\MikTex\tex\latex\amsfonts\umsa.fd"
File: umsa.fd 2013/01/14 v3.01 AMS symbols A
)
LaTeX Font Info:    Try loading font information for U+msb on input line 25.

("C:\Program Files\MikTex\tex\latex\amsfonts\umsb.fd"
File: umsb.fd 2013/01/14 v3.01 AMS symbols B
)) [2


]
(D:\PFC\LaTex\Soccer-Wizard-LaTeX\C.Epigrafe.tex
Underfull \hbox (badness 10000) in paragraph at lines 5--31

 []


Underfull \hbox (badness 10000) in paragraph at lines 5--31

 []


Underfull \hbox (badness 10000) in paragraph at lines 5--31

 []


Underfull \hbox (badness 10000) in paragraph at lines 5--31

 []


Underfull \hbox (badness 10000) in paragraph at lines 5--31

 []


Underfull \hbox (badness 10000) in paragraph at lines 5--31

 []


Underfull \hbox (badness 10000) in paragraph at lines 5--31

 []


Underfull \hbox (badness 10000) in paragraph at lines 5--31

 []


Underfull \hbox (badness 10000) in paragraph at lines 5--31

 []


Underfull \hbox (badness 10000) in paragraph at lines 5--31

 []


Underfull \hbox (badness 10000) in paragraph at lines 5--31

 []


Underfull \hbox (badness 10000) in paragraph at lines 5--31

 []


Underfull \hbox (badness 10000) in paragraph at lines 5--31

 []


Underfull \hbox (badness 10000) in paragraph at lines 5--31

 []


Underfull \hbox (badness 10000) in paragraph at lines 5--31

 []


Underfull \hbox (badness 10000) in paragraph at lines 5--31

 []


Underfull \hbox (badness 10000) in paragraph at lines 5--31

 []


Underfull \hbox (badness 10000) in paragraph at lines 5--31

 []


Underfull \hbox (badness 10000) in paragraph at lines 5--31

 []


Underfull \hbox (badness 10000) in paragraph at lines 5--31

 []


Underfull \hbox (badness 10000) in paragraph at lines 5--31

 []


Underfull \hbox (badness 10000) in paragraph at lines 5--31

 []


Underfull \hbox (badness 10000) in paragraph at lines 5--31

 []


Underfull \hbox (badness 10000) in paragraph at lines 5--31

 []


Underfull \hbox (badness 10000) in paragraph at lines 5--31

 []

LaTeX Font Info:    Font shape `T1/lmss/m/it' in size <10.95> not available
(Font)              Font shape `T1/lmss/m/sl' tried instead on input line 33.
) [3


] (D:\PFC\LaTex\Soccer-Wizard-LaTeX\C.Agradecimentos.tex)
Underfull \hbox (badness 10000) in paragraph at lines 9--169

 []


Underfull \hbox (badness 10000) in paragraph at lines 9--169

 []


Underfull \hbox (badness 10000) in paragraph at lines 9--169

 []


Underfull \hbox (badness 10000) in paragraph at lines 9--169

 []


Underfull \hbox (badness 10000) in paragraph at lines 9--169

 []


Underfull \hbox (badness 10000) in paragraph at lines 9--169

 []


Underfull \hbox (badness 10000) in paragraph at lines 9--169

 []

[4



] (D:\PFC\LaTex\Soccer-Wizard-LaTeX\C.Resumo.tex
LaTeX Font Info:    Font shape `T1/lmss/m/it' in size <12> not available
(Font)              Font shape `T1/lmss/m/sl' tried instead on input line 21.

Underfull \hbox (badness 10000) in paragraph at lines 12--22

 []


Underfull \hbox (badness 10000) in paragraph at lines 12--22

 []


Underfull \hbox (badness 10000) in paragraph at lines 12--22

 []


Underfull \hbox (badness 10000) in paragraph at lines 12--22

 []


Underfull \hbox (badness 10000) in paragraph at lines 12--22

 []


Underfull \hbox (badness 10000) in paragraph at lines 12--22

 []


Underfull \hbox (badness 10000) in paragraph at lines 12--22

 []

[5


])
Underfull \hbox (badness 10000) in paragraph at lines 31--170

 []


Underfull \hbox (badness 10000) in paragraph at lines 31--170

 []


Underfull \hbox (badness 10000) in paragraph at lines 31--170

 []


Underfull \hbox (badness 10000) in paragraph at lines 31--170

 []


Underfull \hbox (badness 10000) in paragraph at lines 31--170

 []


Underfull \hbox (badness 10000) in paragraph at lines 31--170

 []


Underfull \hbox (badness 10000) in paragraph at lines 31--170

 []


Underfull \hbox (badness 10000) in paragraph at lines 31--170

 []

[6] (D:\PFC\LaTex\Soccer-Wizard-LaTeX\SoccerWizard.lof)
\tf@lof=\write4
 [7


]
(D:\PFC\LaTex\Soccer-Wizard-LaTeX\SoccerWizard.lot)
\tf@lot=\write5
 [8

]
(D:\PFC\LaTex\Soccer-Wizard-LaTeX\C.Simbolos.tex
Overfull \hbox (19.42871pt too wide) in paragraph at lines 7--40
 [][] 
 []

) [9


] (D:\PFC\LaTex\Soccer-Wizard-LaTeX\SoccerWizard.toc)
\tf@toc=\write6
 [1


]
(D:\PFC\LaTex\Soccer-Wizard-LaTeX\C.Introducao.tex
Cap\'{\i }tulo 1.
[2


]
LaTeX Font Info:    Try loading font information for TS1+lmss on input line 31.

 ("C:\Program Files\MikTex\tex\latex\lm\ts1lmss.fd"
File: ts1lmss.fd 2009/10/30 v1.6 Font defs for Latin Modern
) [3]) [4]
(D:\PFC\LaTex\Soccer-Wizard-LaTeX\C.FundamentacaoTeorica.tex
Cap\'{\i }tulo 2.

<D:/PFC/LaTex/Soccer-Wizard-LaTeX/figuras/modelo_de_neuronio.jpg, id=249, 499.8
0411pt x 335.48495pt>
File: D:/PFC/LaTex/Soccer-Wizard-LaTeX/figuras/modelo_de_neuronio.jpg Graphic f
ile (type jpg)

<use D:/PFC/LaTex/Soccer-Wizard-LaTeX/figuras/modelo_de_neuronio.jpg>
Package pdftex.def Info: D:/PFC/LaTex/Soccer-Wizard-LaTeX/figuras/modelo_de_neu
ronio.jpg used on input line 20.
(pdftex.def)             Requested size: 499.80287pt x 335.48413pt.
 [5



]
<D:/PFC/LaTex/Soccer-Wizard-LaTeX/figuras/McCulloch-Pitts.jpg, id=261, 234.1247
pt x 177.66376pt>
File: D:/PFC/LaTex/Soccer-Wizard-LaTeX/figuras/McCulloch-Pitts.jpg Graphic file
 (type jpg)

<use D:/PFC/LaTex/Soccer-Wizard-LaTeX/figuras/McCulloch-Pitts.jpg>
Package pdftex.def Info: D:/PFC/LaTex/Soccer-Wizard-LaTeX/figuras/McCulloch-Pit
ts.jpg used on input line 43.
(pdftex.def)             Requested size: 234.12411pt x 177.66331pt.
 [6 <D:/PFC/LaTex/Soccer-Wizard-LaTeX/figuras/modelo_de_neuronio.jpg>]
<D:/PFC/LaTex/Soccer-Wizard-LaTeX/figuras/Bias.jpg, id=277, 313.17pt x 295.1025
pt>
File: D:/PFC/LaTex/Soccer-Wizard-LaTeX/figuras/Bias.jpg Graphic file (type jpg)

 <use D:/PFC/LaTex/Soccer-Wizard-LaTeX/figuras/Bias.jpg>
Package pdftex.def Info: D:/PFC/LaTex/Soccer-Wizard-LaTeX/figuras/Bias.jpg used
 on input line 74.
(pdftex.def)             Requested size: 313.16922pt x 295.10176pt.
 [7 <D:/PFC/LaTex/Soccer-Wizard-LaTeX/figuras/McCulloch-Pitts.jpg>]
<D:/PFC/LaTex/Soccer-Wizard-LaTeX/figuras/fronteiraDecisaoXOR.jpg, id=293, 272.
51813pt x 258.9675pt>
File: D:/PFC/LaTex/Soccer-Wizard-LaTeX/figuras/fronteiraDecisaoXOR.jpg Graphic 
file (type jpg)

<use D:/PFC/LaTex/Soccer-Wizard-LaTeX/figuras/fronteiraDecisaoXOR.jpg>
Package pdftex.def Info: D:/PFC/LaTex/Soccer-Wizard-LaTeX/figuras/fronteiraDeci
saoXOR.jpg used on input line 99.
(pdftex.def)             Requested size: 272.51746pt x 258.96684pt.
 [8 <D:/PFC/LaTex/Soccer-Wizard-LaTeX/figuras/Bias.jpg>] [9 <D:/PFC/LaTex/Socce
r-Wizard-LaTeX/figuras/fronteiraDecisaoXOR.jpg>] [10] [11]
<D:/PFC/LaTex/Soccer-Wizard-LaTeX/figuras/redeNeuralE.jpg, id=341, 229.60782pt 
x 165.61874pt>
File: D:/PFC/LaTex/Soccer-Wizard-LaTeX/figuras/redeNeuralE.jpg Graphic file (ty
pe jpg)
 <use D:/PFC/LaTex/Soccer-Wizard-LaTeX/figuras/redeNeuralE.jpg>
Package pdftex.def Info: D:/PFC/LaTex/Soccer-Wizard-LaTeX/figuras/redeNeuralE.j
pg used on input line 195.
(pdftex.def)             Requested size: 229.60725pt x 165.61833pt.

[12 <D:/PFC/LaTex/Soccer-Wizard-LaTeX/figuras/redeNeuralE.jpg>] [13]
<D:/PFC/LaTex/Soccer-Wizard-LaTeX/figuras/redeEresolvida.jpg, id=367, 225.84375
pt x 167.12437pt>
File: D:/PFC/LaTex/Soccer-Wizard-LaTeX/figuras/redeEresolvida.jpg Graphic file 
(type jpg)

<use D:/PFC/LaTex/Soccer-Wizard-LaTeX/figuras/redeEresolvida.jpg>
Package pdftex.def Info: D:/PFC/LaTex/Soccer-Wizard-LaTeX/figuras/redeEresolvid
a.jpg used on input line 306.
(pdftex.def)             Requested size: 225.84319pt x 167.12395pt.

<D:/PFC/LaTex/Soccer-Wizard-LaTeX/figuras/fronteiraDecisaoE.png, id=371, 264.99
pt x 264.23718pt>
File: D:/PFC/LaTex/Soccer-Wizard-LaTeX/figuras/fronteiraDecisaoE.png Graphic fi
le (type png)

<use D:/PFC/LaTex/Soccer-Wizard-LaTeX/figuras/fronteiraDecisaoE.png>
Package pdftex.def Info: D:/PFC/LaTex/Soccer-Wizard-LaTeX/figuras/fronteiraDeci
saoE.png used on input line 324.
(pdftex.def)             Requested size: 264.98935pt x 264.23653pt.
 [14 <D:/PFC/LaTex/Soccer-Wizard-LaTeX/figuras/redeEresolvida.jpg>] [15 <D:/PFC
/LaTex/Soccer-Wizard-LaTeX/figuras/fronteiraDecisaoE.png>] [16] [17]
<D:/PFC/LaTex/Soccer-Wizard-LaTeX/figuras/Adaline.jpg, id=414, 231.11343pt x 15
2.82094pt>
File: D:/PFC/LaTex/Soccer-Wizard-LaTeX/figuras/Adaline.jpg Graphic file (type j
pg)
 <use D:/PFC/LaTex/Soccer-Wizard-LaTeX/figuras/Adaline.jpg>
Package pdftex.def Info: D:/PFC/LaTex/Soccer-Wizard-LaTeX/figuras/Adaline.jpg u
sed on input line 410.
(pdftex.def)             Requested size: 231.11287pt x 152.82054pt.
 [18 <D:/PFC/LaTex/Soccer-Wizard-LaTeX/figuras/Adaline.jpg>] [19]
<D:/PFC/LaTex/Soccer-Wizard-LaTeX/figuras/redesMulticamadas.jpg, id=443, 422.32
782pt x 201.00093pt>
File: D:/PFC/LaTex/Soccer-Wizard-LaTeX/figuras/redesMulticamadas.jpg Graphic fi
le (type jpg)

<use D:/PFC/LaTex/Soccer-Wizard-LaTeX/figuras/redesMulticamadas.jpg>
Package pdftex.def Info: D:/PFC/LaTex/Soccer-Wizard-LaTeX/figuras/redesMulticam
adas.jpg used on input line 447.
(pdftex.def)             Requested size: 422.32678pt x 201.00043pt.

<D:/PFC/LaTex/Soccer-Wizard-LaTeX/figuras/Madaline.jpg, id=449, 287.57437pt x 2
40.9pt>
File: D:/PFC/LaTex/Soccer-Wizard-LaTeX/figuras/Madaline.jpg Graphic file (type 
jpg)
 <use D:/PFC/LaTex/Soccer-Wizard-LaTeX/figuras/Madaline.jpg>
Package pdftex.def Info: D:/PFC/LaTex/Soccer-Wizard-LaTeX/figuras/Madaline.jpg 
used on input line 462.
(pdftex.def)             Requested size: 287.57367pt x 240.8994pt.
 [20 <D:/PFC/LaTex/Soccer-Wizard-LaTeX/figuras/redesMulticamadas.jpg>] [21 <D:/
PFC/LaTex/Soccer-Wizard-LaTeX/figuras/Madaline.jpg>]
<D:/PFC/LaTex/Soccer-Wizard-LaTeX/figuras/Backpropagation.jpg, id=463, 468.2493
7pt x 306.39468pt>
File: D:/PFC/LaTex/Soccer-Wizard-LaTeX/figuras/Backpropagation.jpg Graphic file
 (type jpg)

<use D:/PFC/LaTex/Soccer-Wizard-LaTeX/figuras/Backpropagation.jpg>
Package pdftex.def Info: D:/PFC/LaTex/Soccer-Wizard-LaTeX/figuras/Backpropagati
on.jpg used on input line 484.
(pdftex.def)             Requested size: 468.24821pt x 306.39394pt.
 [22 <D:/PFC/LaTex/Soccer-Wizard-LaTeX/figuras/Backpropagation.jpg>] [23] [24] 
[25] [26]
[27] [28]) [29] (D:\PFC\LaTex\Soccer-Wizard-LaTeX\SoccerWizard.bbl [30


])
Package atveryend Info: Empty hook `BeforeClearDocument' on input line 203.

[31]
Package atveryend Info: Empty hook `AfterLastShipout' on input line 203.
 (D:\PFC\LaTex\Soccer-Wizard-LaTeX\SoccerWizard.aux
(D:\PFC\LaTex\Soccer-Wizard-LaTeX\C.Capa.aux)
(D:\PFC\LaTex\Soccer-Wizard-LaTeX\C.Rosto.aux)
(D:\PFC\LaTex\Soccer-Wizard-LaTeX\C.Epigrafe.aux)
(D:\PFC\LaTex\Soccer-Wizard-LaTeX\C.Agradecimentos.aux)
(D:\PFC\LaTex\Soccer-Wizard-LaTeX\C.Resumo.aux)
(D:\PFC\LaTex\Soccer-Wizard-LaTeX\C.Simbolos.aux)
(D:\PFC\LaTex\Soccer-Wizard-LaTeX\C.Introducao.aux)
(D:\PFC\LaTex\Soccer-Wizard-LaTeX\C.FundamentacaoTeorica.aux))
Package atveryend Info: Executing hook `AtVeryEndDocument' on input line 203.
Package atveryend Info: Executing hook `AtEndAfterFileList' on input line 203.
Package rerunfilecheck Info: File `SoccerWizard.out' has not changed.
(rerunfilecheck)             Checksum: 6110CD9A5CBF23EDA46523043535CEF8;1285.
Package atveryend Info: Empty hook `AtVeryVeryEnd' on input line 203.
 ) 
Here is how much of TeX's memory you used:
 8992 strings out of 493921
 131603 string characters out of 3148860
 218868 words of memory out of 3000000
 11801 multiletter control sequences out of 15000+200000
 65330 words of font info for 50 fonts, out of 3000000 for 9000
 903 hyphenation exceptions out of 8191
 37i,10n,43p,1210b,469s stack positions out of 5000i,500n,10000p,200000b,50000s
{C:/Program Files/MikTex/fonts/enc/dvips/lm/lm-mathsy.enc}{C:/Program Files/M
ikTex/fonts/enc/dvips/lm/lm-rm.enc}{C:/Program Files/MikTex/fonts/enc/dvips/lm/
lm-mathit.enc}{C:/Program Files/MikTex/fonts/enc/dvips/lm/lm-mathex.enc}{C:/Pro
gram Files/MikTex/fonts/enc/dvips/lm/lm-ec.enc}{C:/Program Files/MikTex/fonts/e
nc/dvips/lm/lm-ts1.enc}<C:/Program Files/MikTex/fonts/type1/public/lm/lmex10.pf
b><C:/Program Files/MikTex/fonts/type1/public/lm/lmmi12.pfb><C:/Program Files/M
ikTex/fonts/type1/public/lm/lmmi8.pfb><C:/Program Files/MikTex/fonts/type1/publ
ic/lm/lmr12.pfb><C:/Program Files/MikTex/fonts/type1/public/lm/lmr8.pfb><C:/Pro
gram Files/MikTex/fonts/type1/public/lm/lmss12.pfb><C:/Program Files/MikTex/fon
ts/type1/public/lm/lmssbx10.pfb><C:/Program Files/MikTex/fonts/type1/public/lm/
lmsso10.pfb><C:/Program Files/MikTex/fonts/type1/public/lm/lmsso12.pfb><C:/Prog
ram Files/MikTex/fonts/type1/public/lm/lmsso8.pfb><C:/Program Files/MikTex/font
s/type1/public/lm/lmsy10.pfb><C:/Program Files/MikTex/fonts/type1/public/lm/lms
y8.pfb>
Output written on SoccerWizard.pdf (40 pages, 678985 bytes).
PDF statistics:
 638 PDF objects out of 1000 (max. 8388607)
 162 named destinations out of 1000 (max. 500000)
 213 words of extra memory for PDF output out of 10000 (max. 10000000)

