\BOOKMARK [0][-]{chapter.1}{INTRODU\307\303O}{}% 1
\BOOKMARK [1][-]{section.1.1}{Objetivos}{chapter.1}% 2
\BOOKMARK [1][-]{section.1.2}{Justificativa}{chapter.1}% 3
\BOOKMARK [0][-]{chapter.2}{FUNDAMENTA\307\303O TE\323RICA}{}% 4
\BOOKMARK [1][-]{section.2.1}{Redes Neurais Artificiais}{chapter.2}% 5
\BOOKMARK [2][-]{subsection.2.1.1}{McCulloch-Pitts}{section.2.1}% 6
\BOOKMARK [2][-]{subsection.2.1.2}{Bias}{section.2.1}% 7
\BOOKMARK [2][-]{subsection.2.1.3}{Separabilidade Linear}{section.2.1}% 8
\BOOKMARK [2][-]{subsection.2.1.4}{Representa\347\343o dos dados}{section.2.1}% 9
\BOOKMARK [2][-]{subsection.2.1.5}{Aprendizado de Hebb}{section.2.1}% 10
\BOOKMARK [2][-]{subsection.2.1.6}{Perceptron}{section.2.1}% 11
\BOOKMARK [2][-]{subsection.2.1.7}{Adaline}{section.2.1}% 12
\BOOKMARK [2][-]{subsection.2.1.8}{Redes Multicamadas}{section.2.1}% 13
\BOOKMARK [2][-]{subsection.2.1.9}{Madaline}{section.2.1}% 14
\BOOKMARK [2][-]{subsection.2.1.10}{Backpropagation}{section.2.1}% 15
\BOOKMARK [1][-]{section.2.2}{Programa\347\343o Orientada a Objetos}{chapter.2}% 16
\BOOKMARK [2][-]{subsection.2.2.1}{Java}{section.2.2}% 17
\BOOKMARK [1][-]{section.2.3}{Futebol de Campo}{chapter.2}% 18
\BOOKMARK [2][-]{subsection.2.3.1}{Campeonato Brasileiro de Futebol}{section.2.3}% 19
\BOOKMARK [0][-]{chapter.3}{MATERIAIS E M\311TODOS}{}% 20
\BOOKMARK [1][-]{section.3.1}{Desenvolvimento do programa}{chapter.3}% 21
\BOOKMARK [2][-]{subsection.3.1.1}{IDEs}{section.3.1}% 22
\BOOKMARK [2][-]{subsection.3.1.2}{Plugins}{section.3.1}% 23
\BOOKMARK [2][-]{subsection.3.1.3}{Sistema de Controle de Vers\343o}{section.3.1}% 24
\BOOKMARK [2][-]{subsection.3.1.4}{Organiza\347\343o de Classes e Pacotes}{section.3.1}% 25
\BOOKMARK [1][-]{section.3.2}{Base de dados}{chapter.3}% 26
\BOOKMARK [2][-]{subsection.3.2.1}{Organiza\347\343o}{section.3.2}% 27
\BOOKMARK [2][-]{subsection.3.2.2}{Par\342metros de entrada}{section.3.2}% 28
\BOOKMARK [2][-]{subsection.3.2.3}{Normaliza\347\343o dos dados}{section.3.2}% 29
\BOOKMARK [1][-]{section.3.3}{Par\342metros de treinamento}{chapter.3}% 30
\BOOKMARK [2][-]{subsection.3.3.1}{Quantidade de padr\365es de entrada}{section.3.3}% 31
\BOOKMARK [2][-]{subsection.3.3.2}{Representa\347\343o do dados}{section.3.3}% 32
\BOOKMARK [2][-]{subsection.3.3.3}{Aleatoriedade dos par\342metros de entrada}{section.3.3}% 33
\BOOKMARK [2][-]{subsection.3.3.4}{Fun\347\343o de ativa\347\343o}{section.3.3}% 34
\BOOKMARK [2][-]{subsection.3.3.5}{Inicializa\347\343o de pesos e bias}{section.3.3}% 35
\BOOKMARK [2][-]{subsection.3.3.6}{Taxa de aprendizado}{section.3.3}% 36
\BOOKMARK [2][-]{subsection.3.3.7}{Quantidade de neur\364nios intermedi\341rios}{section.3.3}% 37
\BOOKMARK [2][-]{subsection.3.3.8}{Dura\347\343o do treinamento}{section.3.3}% 38
\BOOKMARK [2][-]{subsection.3.3.9}{Remo\347\343o de padr\365es de entrada n\343o representativos}{section.3.3}% 39
\BOOKMARK [1][-]{section.3.4}{Estrat\351gias de an\341lise p\363s processamento}{chapter.3}% 40
\BOOKMARK [2][-]{subsection.3.4.1}{Determina\347\343o do resultado}{section.3.4}% 41
\BOOKMARK [2][-]{subsection.3.4.2}{Valida\347\343o de resultados}{section.3.4}% 42
\BOOKMARK [1][-]{section.3.5}{Interface Gr\341fica do Usu\341rio}{chapter.3}% 43
\BOOKMARK [0][-]{chapter.4}{RESULTADOS}{}% 44
\BOOKMARK [1][-]{section.4.1}{Par\342metros de treinamento mais assertivos}{chapter.4}% 45
\BOOKMARK [1][-]{section.4.2}{Taxas de acerto para 50\045 dos resultados v\341lidos}{chapter.4}% 46
\BOOKMARK [1][-]{section.4.3}{Varia\347\365es da quantidade de resultados v\341lidos}{chapter.4}% 47
\BOOKMARK [1][-]{section.4.4}{Execu\347\343o da rede com par\342metros de treino}{chapter.4}% 48
\BOOKMARK [0][-]{chapter.5}{CONCLUSAO}{}% 49
