This is pdfTeX, Version 3.1415926-2.4-1.40.13 (MiKTeX 2.9) (preloaded format=pdflatex 2013.11.13)  8 FEB 2015 12:21
entering extended mode
**dataCAPA.tex
(D:\PFC\LaTex\latex\dataCAPA.tex
LaTeX2e <2011/06/27>
Babel <v3.8m> and hyphenation patterns for english, afrikaans, ancientgreek, ar
abic, armenian, assamese, basque, bengali, bokmal, bulgarian, catalan, coptic, 
croatian, czech, danish, dutch, esperanto, estonian, farsi, finnish, french, ga
lician, german, german-x-2012-05-30, greek, gujarati, hindi, hungarian, iceland
ic, indonesian, interlingua, irish, italian, kannada, kurmanji, latin, latvian,
 lithuanian, malayalam, marathi, mongolian, mongolianlmc, monogreek, ngerman, n
german-x-2012-05-30, nynorsk, oriya, panjabi, pinyin, polish, portuguese, roman
ian, russian, sanskrit, serbian, slovak, slovenian, spanish, swedish, swissgerm
an, tamil, telugu, turkish, turkmen, ukenglish, ukrainian, uppersorbian, usengl
ishmax, welsh, loaded.

! LaTeX Error: Missing \begin{document}.

See the LaTeX manual or LaTeX Companion for explanation.
Type  H <return>  for immediate help.
 ...                                              
                                                  
l.8 \begin{center}
                  
You're in trouble here.  Try typing  <return>  to proceed.
If that doesn't work, type  X <return>  to quit.


Overfull \hbox (20.0pt too wide) in paragraph at lines 8--8
[] 
 []

! Undefined control sequence.
l.10 {\Large
             \textbf{KÁSSIO MARQUES TAVARES}} \\ \vspace{15ex}
The control sequence at the end of the top line
of your error message was never \def'ed. If you have
misspelled it (e.g., `\hobx'), type `I' and the correct
spelling (e.g., `I\hbox'). Otherwise just continue,
and I'll forget about whatever was undefined.

Missing character: There is no Á in font cmbx10!

Overfull \hbox (34.79147pt too wide) in paragraph at lines 10--10
 \OT1/cmr/bx/n/10 KSSIO 
 []


Overfull \hbox (32.06927pt too wide) in paragraph at lines 10--10
 \OT1/cmr/bx/n/10 MAR- 
 []


Overfull \hbox (31.43037pt too wide) in paragraph at lines 10--10
 \OT1/cmr/bx/n/10 QUES 
 []


Overfull \hbox (53.1386pt too wide) in paragraph at lines 10--10
 \OT1/cmr/bx/n/10 TAVARES 
 []

! Undefined control sequence.
l.12 {\Large
             \textbf{PREVISÃO DOS RESULTADOS DO CAMPEONATO BRASILEIRO DE FUT...
The control sequence at the end of the top line
of your error message was never \def'ed. If you have
misspelled it (e.g., `\hobx'), type `I' and the correct
spelling (e.g., `I\hbox'). Otherwise just continue,
and I'll forget about whatever was undefined.

)
Runaway argument?
{PREVISÃO DOS RESULTADOS DO CAMPEONATO BRASILEIRO DE FUTEBOL UTILIZAN\ETC.
! File ended while scanning use of \textbf .
<inserted text> 
                \par 
<*> dataCAPA.tex
                
I suspect you have forgotten a `}', causing me
to read past where you wanted me to stop.
I'll try to recover; but if the error is serious,
you'd better type `E' or `X' now and fix your file.

! Emergency stop.
<*> dataCAPA.tex
                
*** (job aborted, no legal \end found)

 
Here is how much of TeX's memory you used:
 12 strings out of 493921
 194 string characters out of 3146452
 49031 words of memory out of 3000000
 3404 multiletter control sequences out of 15000+200000
 3948 words of font info for 15 fonts, out of 3000000 for 9000
 841 hyphenation exceptions out of 8191
 13i,1n,10p,143b,116s stack positions out of 5000i,500n,10000p,200000b,50000s
!  ==> Fatal error occurred, no output PDF file produced!
